<html>
<head>
<title>TestNG:  Command line test</title>
<link href="../testng.css" rel="stylesheet" type="text/css" />
<link href="../my-testng.css" rel="stylesheet" type="text/css" />

<style type="text/css">
.log { display: none;} 
.stack-trace { display: none;} 
</style>
<script type="text/javascript">
<!--
function flip(e) {
  current = e.style.display;
  if (current == 'block') {
    e.style.display = 'none';
    return 0;
  }
  else {
    e.style.display = 'block';
    return 1;
  }
}

function toggleBox(szDivId, elem, msg1, msg2)
{
  var res = -1;  if (document.getElementById) {
    res = flip(document.getElementById(szDivId));
  }
  else if (document.all) {
    // this is the way old msie versions work
    res = flip(document.all[szDivId]);
  }
  if(elem) {
    if(res == 0) elem.innerHTML = msg1; else elem.innerHTML = msg2;
  }

}

function toggleAllBoxes() {
  if (document.getElementsByTagName) {
    d = document.getElementsByTagName('div');
    for (i = 0; i < d.length; i++) {
      if (d[i].className == 'log') {
        flip(d[i]);
      }
    }
  }
}

// -->
</script>

</head>
<body>
<h2 align='center'>Command line test</h2><table border='1' align="center">
<tr>
<td>Tests passed/Failed/Skipped:</td><td>25/0/0</td>
</tr><tr>
<td>Started on:</td><td>Wed Jul 25 19:55:55 BRT 2012</td>
</tr>
<tr><td>Total time:</td><td>1 seconds (1252 ms)</td>
</tr><tr>
<td>Included groups:</td><td></td>
</tr><tr>
<td>Excluded groups:</td><td></td>
</tr>
</table><p/>
<small><i>(Hover the method name to see the test class name)</i></small><p/>
<table width='100%' border='1' class='invocation-passed'>
<tr><td colspan='4' align='center'><b>PASSED TESTS</b></td></tr>
<tr><td><b>Test method</b></td>
<td width="30%"><b>Exception</b></td>
<td width="10%"><b>Time (seconds)</b></td>
<td><b>Instance</b></td>
</tr>
<tr>
<td title='br.com.moonjava.flight.action.TesteDeConsultarVoo.buscar_por_todos_voos_disponiveis()'><b>buscar_por_todos_voos_disponiveis</b><br>Test class: br.com.moonjava.flight.action.TesteDeConsultarVoo</td>
<td></td>
<td>0</td>
<td>br.com.moonjava.flight.action.TesteDeConsultarVoo@246b5488</td></tr>
<tr>
<td title='br.com.moonjava.flight.jdbc.TesteDeConexao.conexao_com_o_bd_deve_funcionar()'><b>conexao_com_o_bd_deve_funcionar</b><br>Test class: br.com.moonjava.flight.jdbc.TesteDeConexao</td>
<td></td>
<td>0</td>
<td>br.com.moonjava.flight.jdbc.TesteDeConexao@266e63d9</td></tr>
<tr>
<td title='br.com.moonjava.flight.action.TesteDeConsultarVoo.consulta_por_codigo()'><b>consulta_por_codigo</b><br>Test class: br.com.moonjava.flight.action.TesteDeConsultarVoo</td>
<td></td>
<td>0</td>
<td>br.com.moonjava.flight.action.TesteDeConsultarVoo@246b5488</td></tr>
<tr>
<td title='br.com.moonjava.flight.util.TesteDeCPF.cpf_deve_ser_convertido_em_numero()'><b>cpf_deve_ser_convertido_em_numero</b><br>Test class: br.com.moonjava.flight.util.TesteDeCPF</td>
<td></td>
<td>0</td>
<td>br.com.moonjava.flight.util.TesteDeCPF@3cff4805</td></tr>
<tr>
<td title='br.com.moonjava.flight.util.TesteDeCPF.cpf_deve_ser_valido()'><b>cpf_deve_ser_valido</b><br>Test class: br.com.moonjava.flight.util.TesteDeCPF</td>
<td></td>
<td>0</td>
<td>br.com.moonjava.flight.util.TesteDeCPF@3cff4805</td></tr>
<tr>
<td title='br.com.moonjava.flight.util.TesteDeCPF.excecao_de_cpf_invalido_deve_ser_lancada_com_12_digitos()'><b>excecao_de_cpf_invalido_deve_ser_lancada_com_12_digitos</b><br>Test class: br.com.moonjava.flight.util.TesteDeCPF</td>
<td><div><pre>br.com.moonjava.flight.util.CPFInvalidException: O CPF 222222222233 é invalido
	at br.com.moonjava.flight.util.CPF.valueOf(CPF.java:67)
	at br.com.moonjava.flight.util.CPF.parse(CPF.java:75)
	at br.com.moonjava.flight.util.TesteDeCPF.excecao_de_cpf_invalido_deve_ser_lancada_com_12_digitos(TesteDeCPF.java:62)
	at org.apache.maven.surefire.testng.TestNGExecutor.run(TestNGExecutor.java:70)
	at org.apache.maven.surefire.testng.TestNGDirectoryTestSuite.executeMulti(TestNGDirectoryTestSuite.java:158)
	at org.apache.maven.surefire.testng.TestNGDirectoryTestSuite.execute(TestNGDirectoryTestSuite.java:98)
	at org.apache.maven.surefire.testng.TestNGProvider.invoke(TestNGProvider.java:111)
	at org.apache.maven.surefire.util.ReflectionUtils.invokeMethodWithArray(ReflectionUtils.java:164)
	at org.apache.maven.surefire.booter.ProviderFactory$ProviderProxy.invoke(ProviderFactory.java:110)
	at org.apache.maven.surefire.booter.SurefireStarter.invokeProvider(SurefireStarter.java:175)
	at org.apache.maven.surefire.booter.SurefireStarter.runSuitesInProcessWhenForked(SurefireStarter.java:107)
	at org.apache.maven.surefire.booter.ForkedBooter.main(ForkedBooter.java:68)
... Removed 26 stack frames</pre></div><a href='#' onClick='toggleBox("stack-trace2030225909", this, "Click to show all stack frames", "Click to hide stack frames")'>Click to show all stack frames</a>
<div class='stack-trace' id='stack-trace2030225909'><pre>br.com.moonjava.flight.util.CPFInvalidException: O CPF 222222222233 é invalido
	at br.com.moonjava.flight.util.CPF.valueOf(CPF.java:67)
	at br.com.moonjava.flight.util.CPF.parse(CPF.java:75)
	at br.com.moonjava.flight.util.TesteDeCPF.excecao_de_cpf_invalido_deve_ser_lancada_com_12_digitos(TesteDeCPF.java:62)
	at sun.reflect.NativeMethodAccessorImpl.invoke0(Native Method)
	at sun.reflect.NativeMethodAccessorImpl.invoke(Unknown Source)
	at sun.reflect.DelegatingMethodAccessorImpl.invoke(Unknown Source)
	at java.lang.reflect.Method.invoke(Unknown Source)
	at org.testng.internal.MethodInvocationHelper.invokeMethod(MethodInvocationHelper.java:80)
	at org.testng.internal.Invoker.invokeMethod(Invoker.java:673)
	at org.testng.internal.Invoker.invokeTestMethod(Invoker.java:842)
	at org.testng.internal.Invoker.invokeTestMethods(Invoker.java:1166)
	at org.testng.internal.TestMethodWorker.invokeTestMethods(TestMethodWorker.java:125)
	at org.testng.internal.TestMethodWorker.run(TestMethodWorker.java:109)
	at org.testng.TestRunner.runWorkers(TestRunner.java:1178)
	at org.testng.TestRunner.privateRun(TestRunner.java:757)
	at org.testng.TestRunner.run(TestRunner.java:608)
	at org.testng.SuiteRunner.runTest(SuiteRunner.java:334)
	at org.testng.SuiteRunner.runSequentially(SuiteRunner.java:329)
	at org.testng.SuiteRunner.privateRun(SuiteRunner.java:291)
	at org.testng.SuiteRunner.run(SuiteRunner.java:240)
	at org.testng.SuiteRunnerWorker.runSuite(SuiteRunnerWorker.java:52)
	at org.testng.SuiteRunnerWorker.run(SuiteRunnerWorker.java:86)
	at org.testng.TestNG.runSuitesSequentially(TestNG.java:1158)
	at org.testng.TestNG.runSuitesLocally(TestNG.java:1083)
	at org.testng.TestNG.run(TestNG.java:999)
	at org.apache.maven.surefire.testng.TestNGExecutor.run(TestNGExecutor.java:70)
	at org.apache.maven.surefire.testng.TestNGDirectoryTestSuite.executeMulti(TestNGDirectoryTestSuite.java:158)
	at org.apache.maven.surefire.testng.TestNGDirectoryTestSuite.execute(TestNGDirectoryTestSuite.java:98)
	at org.apache.maven.surefire.testng.TestNGProvider.invoke(TestNGProvider.java:111)
	at sun.reflect.NativeMethodAccessorImpl.invoke0(Native Method)
	at sun.reflect.NativeMethodAccessorImpl.invoke(Unknown Source)
	at sun.reflect.DelegatingMethodAccessorImpl.invoke(Unknown Source)
	at java.lang.reflect.Method.invoke(Unknown Source)
	at org.apache.maven.surefire.util.ReflectionUtils.invokeMethodWithArray(ReflectionUtils.java:164)
	at org.apache.maven.surefire.booter.ProviderFactory$ProviderProxy.invoke(ProviderFactory.java:110)
	at org.apache.maven.surefire.booter.SurefireStarter.invokeProvider(SurefireStarter.java:175)
	at org.apache.maven.surefire.booter.SurefireStarter.runSuitesInProcessWhenForked(SurefireStarter.java:107)
	at org.apache.maven.surefire.booter.ForkedBooter.main(ForkedBooter.java:68)
</pre></div></td>
<td>0</td>
<td>br.com.moonjava.flight.util.TesteDeCPF@3cff4805</td></tr>
<tr>
<td title='br.com.moonjava.flight.util.TesteDeCPF.excecao_de_cpf_invalido_deve_ser_lancada_com_long()'><b>excecao_de_cpf_invalido_deve_ser_lancada_com_long</b><br>Test class: br.com.moonjava.flight.util.TesteDeCPF</td>
<td><div><pre>br.com.moonjava.flight.util.CPFInvalidException: O CPF 22222222223 é invalido
	at br.com.moonjava.flight.util.CPF.valueOf(CPF.java:67)
	at br.com.moonjava.flight.util.TesteDeCPF.excecao_de_cpf_invalido_deve_ser_lancada_com_long(TesteDeCPF.java:50)
	at org.apache.maven.surefire.testng.TestNGExecutor.run(TestNGExecutor.java:70)
	at org.apache.maven.surefire.testng.TestNGDirectoryTestSuite.executeMulti(TestNGDirectoryTestSuite.java:158)
	at org.apache.maven.surefire.testng.TestNGDirectoryTestSuite.execute(TestNGDirectoryTestSuite.java:98)
	at org.apache.maven.surefire.testng.TestNGProvider.invoke(TestNGProvider.java:111)
	at org.apache.maven.surefire.util.ReflectionUtils.invokeMethodWithArray(ReflectionUtils.java:164)
	at org.apache.maven.surefire.booter.ProviderFactory$ProviderProxy.invoke(ProviderFactory.java:110)
	at org.apache.maven.surefire.booter.SurefireStarter.invokeProvider(SurefireStarter.java:175)
	at org.apache.maven.surefire.booter.SurefireStarter.runSuitesInProcessWhenForked(SurefireStarter.java:107)
	at org.apache.maven.surefire.booter.ForkedBooter.main(ForkedBooter.java:68)
... Removed 26 stack frames</pre></div><a href='#' onClick='toggleBox("stack-trace639185380", this, "Click to show all stack frames", "Click to hide stack frames")'>Click to show all stack frames</a>
<div class='stack-trace' id='stack-trace639185380'><pre>br.com.moonjava.flight.util.CPFInvalidException: O CPF 22222222223 é invalido
	at br.com.moonjava.flight.util.CPF.valueOf(CPF.java:67)
	at br.com.moonjava.flight.util.TesteDeCPF.excecao_de_cpf_invalido_deve_ser_lancada_com_long(TesteDeCPF.java:50)
	at sun.reflect.NativeMethodAccessorImpl.invoke0(Native Method)
	at sun.reflect.NativeMethodAccessorImpl.invoke(Unknown Source)
	at sun.reflect.DelegatingMethodAccessorImpl.invoke(Unknown Source)
	at java.lang.reflect.Method.invoke(Unknown Source)
	at org.testng.internal.MethodInvocationHelper.invokeMethod(MethodInvocationHelper.java:80)
	at org.testng.internal.Invoker.invokeMethod(Invoker.java:673)
	at org.testng.internal.Invoker.invokeTestMethod(Invoker.java:842)
	at org.testng.internal.Invoker.invokeTestMethods(Invoker.java:1166)
	at org.testng.internal.TestMethodWorker.invokeTestMethods(TestMethodWorker.java:125)
	at org.testng.internal.TestMethodWorker.run(TestMethodWorker.java:109)
	at org.testng.TestRunner.runWorkers(TestRunner.java:1178)
	at org.testng.TestRunner.privateRun(TestRunner.java:757)
	at org.testng.TestRunner.run(TestRunner.java:608)
	at org.testng.SuiteRunner.runTest(SuiteRunner.java:334)
	at org.testng.SuiteRunner.runSequentially(SuiteRunner.java:329)
	at org.testng.SuiteRunner.privateRun(SuiteRunner.java:291)
	at org.testng.SuiteRunner.run(SuiteRunner.java:240)
	at org.testng.SuiteRunnerWorker.runSuite(SuiteRunnerWorker.java:52)
	at org.testng.SuiteRunnerWorker.run(SuiteRunnerWorker.java:86)
	at org.testng.TestNG.runSuitesSequentially(TestNG.java:1158)
	at org.testng.TestNG.runSuitesLocally(TestNG.java:1083)
	at org.testng.TestNG.run(TestNG.java:999)
	at org.apache.maven.surefire.testng.TestNGExecutor.run(TestNGExecutor.java:70)
	at org.apache.maven.surefire.testng.TestNGDirectoryTestSuite.executeMulti(TestNGDirectoryTestSuite.java:158)
	at org.apache.maven.surefire.testng.TestNGDirectoryTestSuite.execute(TestNGDirectoryTestSuite.java:98)
	at org.apache.maven.surefire.testng.TestNGProvider.invoke(TestNGProvider.java:111)
	at sun.reflect.NativeMethodAccessorImpl.invoke0(Native Method)
	at sun.reflect.NativeMethodAccessorImpl.invoke(Unknown Source)
	at sun.reflect.DelegatingMethodAccessorImpl.invoke(Unknown Source)
	at java.lang.reflect.Method.invoke(Unknown Source)
	at org.apache.maven.surefire.util.ReflectionUtils.invokeMethodWithArray(ReflectionUtils.java:164)
	at org.apache.maven.surefire.booter.ProviderFactory$ProviderProxy.invoke(ProviderFactory.java:110)
	at org.apache.maven.surefire.booter.SurefireStarter.invokeProvider(SurefireStarter.java:175)
	at org.apache.maven.surefire.booter.SurefireStarter.runSuitesInProcessWhenForked(SurefireStarter.java:107)
	at org.apache.maven.surefire.booter.ForkedBooter.main(ForkedBooter.java:68)
</pre></div></td>
<td>0</td>
<td>br.com.moonjava.flight.util.TesteDeCPF@3cff4805</td></tr>
<tr>
<td title='br.com.moonjava.flight.util.TesteDeCPF.excecao_de_cpf_invalido_deve_ser_lancada_com_string()'><b>excecao_de_cpf_invalido_deve_ser_lancada_com_string</b><br>Test class: br.com.moonjava.flight.util.TesteDeCPF</td>
<td><div><pre>br.com.moonjava.flight.util.CPFInvalidException: O CPF 22222222223 é invalido
	at br.com.moonjava.flight.util.CPF.valueOf(CPF.java:67)
	at br.com.moonjava.flight.util.CPF.parse(CPF.java:75)
	at br.com.moonjava.flight.util.TesteDeCPF.excecao_de_cpf_invalido_deve_ser_lancada_com_string(TesteDeCPF.java:56)
	at org.apache.maven.surefire.testng.TestNGExecutor.run(TestNGExecutor.java:70)
	at org.apache.maven.surefire.testng.TestNGDirectoryTestSuite.executeMulti(TestNGDirectoryTestSuite.java:158)
	at org.apache.maven.surefire.testng.TestNGDirectoryTestSuite.execute(TestNGDirectoryTestSuite.java:98)
	at org.apache.maven.surefire.testng.TestNGProvider.invoke(TestNGProvider.java:111)
	at org.apache.maven.surefire.util.ReflectionUtils.invokeMethodWithArray(ReflectionUtils.java:164)
	at org.apache.maven.surefire.booter.ProviderFactory$ProviderProxy.invoke(ProviderFactory.java:110)
	at org.apache.maven.surefire.booter.SurefireStarter.invokeProvider(SurefireStarter.java:175)
	at org.apache.maven.surefire.booter.SurefireStarter.runSuitesInProcessWhenForked(SurefireStarter.java:107)
	at org.apache.maven.surefire.booter.ForkedBooter.main(ForkedBooter.java:68)
... Removed 26 stack frames</pre></div><a href='#' onClick='toggleBox("stack-trace1075479366", this, "Click to show all stack frames", "Click to hide stack frames")'>Click to show all stack frames</a>
<div class='stack-trace' id='stack-trace1075479366'><pre>br.com.moonjava.flight.util.CPFInvalidException: O CPF 22222222223 é invalido
	at br.com.moonjava.flight.util.CPF.valueOf(CPF.java:67)
	at br.com.moonjava.flight.util.CPF.parse(CPF.java:75)
	at br.com.moonjava.flight.util.TesteDeCPF.excecao_de_cpf_invalido_deve_ser_lancada_com_string(TesteDeCPF.java:56)
	at sun.reflect.NativeMethodAccessorImpl.invoke0(Native Method)
	at sun.reflect.NativeMethodAccessorImpl.invoke(Unknown Source)
	at sun.reflect.DelegatingMethodAccessorImpl.invoke(Unknown Source)
	at java.lang.reflect.Method.invoke(Unknown Source)
	at org.testng.internal.MethodInvocationHelper.invokeMethod(MethodInvocationHelper.java:80)
	at org.testng.internal.Invoker.invokeMethod(Invoker.java:673)
	at org.testng.internal.Invoker.invokeTestMethod(Invoker.java:842)
	at org.testng.internal.Invoker.invokeTestMethods(Invoker.java:1166)
	at org.testng.internal.TestMethodWorker.invokeTestMethods(TestMethodWorker.java:125)
	at org.testng.internal.TestMethodWorker.run(TestMethodWorker.java:109)
	at org.testng.TestRunner.runWorkers(TestRunner.java:1178)
	at org.testng.TestRunner.privateRun(TestRunner.java:757)
	at org.testng.TestRunner.run(TestRunner.java:608)
	at org.testng.SuiteRunner.runTest(SuiteRunner.java:334)
	at org.testng.SuiteRunner.runSequentially(SuiteRunner.java:329)
	at org.testng.SuiteRunner.privateRun(SuiteRunner.java:291)
	at org.testng.SuiteRunner.run(SuiteRunner.java:240)
	at org.testng.SuiteRunnerWorker.runSuite(SuiteRunnerWorker.java:52)
	at org.testng.SuiteRunnerWorker.run(SuiteRunnerWorker.java:86)
	at org.testng.TestNG.runSuitesSequentially(TestNG.java:1158)
	at org.testng.TestNG.runSuitesLocally(TestNG.java:1083)
	at org.testng.TestNG.run(TestNG.java:999)
	at org.apache.maven.surefire.testng.TestNGExecutor.run(TestNGExecutor.java:70)
	at org.apache.maven.surefire.testng.TestNGDirectoryTestSuite.executeMulti(TestNGDirectoryTestSuite.java:158)
	at org.apache.maven.surefire.testng.TestNGDirectoryTestSuite.execute(TestNGDirectoryTestSuite.java:98)
	at org.apache.maven.surefire.testng.TestNGProvider.invoke(TestNGProvider.java:111)
	at sun.reflect.NativeMethodAccessorImpl.invoke0(Native Method)
	at sun.reflect.NativeMethodAccessorImpl.invoke(Unknown Source)
	at sun.reflect.DelegatingMethodAccessorImpl.invoke(Unknown Source)
	at java.lang.reflect.Method.invoke(Unknown Source)
	at org.apache.maven.surefire.util.ReflectionUtils.invokeMethodWithArray(ReflectionUtils.java:164)
	at org.apache.maven.surefire.booter.ProviderFactory$ProviderProxy.invoke(ProviderFactory.java:110)
	at org.apache.maven.surefire.booter.SurefireStarter.invokeProvider(SurefireStarter.java:175)
	at org.apache.maven.surefire.booter.SurefireStarter.runSuitesInProcessWhenForked(SurefireStarter.java:107)
	at org.apache.maven.surefire.booter.ForkedBooter.main(ForkedBooter.java:68)
</pre></div></td>
<td>0</td>
<td>br.com.moonjava.flight.util.TesteDeCPF@3cff4805</td></tr>
<tr>
<td title='br.com.moonjava.flight.action.TesteDeConsultarVoo.filtro_por_destino()'><b>filtro_por_destino</b><br>Test class: br.com.moonjava.flight.action.TesteDeConsultarVoo</td>
<td></td>
<td>0</td>
<td>br.com.moonjava.flight.action.TesteDeConsultarVoo@246b5488</td></tr>
<tr>
<td title='br.com.moonjava.flight.action.TesteDeConsultarVoo.filtro_por_origem()'><b>filtro_por_origem</b><br>Test class: br.com.moonjava.flight.action.TesteDeConsultarVoo</td>
<td></td>
<td>0</td>
<td>br.com.moonjava.flight.action.TesteDeConsultarVoo@246b5488</td></tr>
<tr>
<td title='br.com.moonjava.flight.action.TesteDeConsultarVoo.filtro_por_status_e_data_de_chegada()'><b>filtro_por_status_e_data_de_chegada</b><br>Test class: br.com.moonjava.flight.action.TesteDeConsultarVoo</td>
<td></td>
<td>0</td>
<td>br.com.moonjava.flight.action.TesteDeConsultarVoo@246b5488</td></tr>
<tr>
<td title='br.com.moonjava.flight.action.TesteDeConsultarVoo.filtro_por_status_e_data_de_partida()'><b>filtro_por_status_e_data_de_partida</b><br>Test class: br.com.moonjava.flight.action.TesteDeConsultarVoo</td>
<td></td>
<td>0</td>
<td>br.com.moonjava.flight.action.TesteDeConsultarVoo@246b5488</td></tr>
<tr>
<td title='br.com.moonjava.flight.action.TesteDeConsultarVoo.filtro_por_status_indisponivel()'><b>filtro_por_status_indisponivel</b><br>Test class: br.com.moonjava.flight.action.TesteDeConsultarVoo</td>
<td></td>
<td>0</td>
<td>br.com.moonjava.flight.action.TesteDeConsultarVoo@246b5488</td></tr>
<tr>
<td title='br.com.moonjava.flight.util.TesteDeParam.object_deve_ter_casting_de_String()'><b>object_deve_ter_casting_de_String</b><br>Test class: br.com.moonjava.flight.util.TesteDeParam</td>
<td></td>
<td>0</td>
<td>br.com.moonjava.flight.util.TesteDeParam@1bd15f8c</td></tr>
<tr>
<td title='br.com.moonjava.flight.util.TesteDeParam.object_deve_ter_casting_de_boolean()'><b>object_deve_ter_casting_de_boolean</b><br>Test class: br.com.moonjava.flight.util.TesteDeParam</td>
<td></td>
<td>0</td>
<td>br.com.moonjava.flight.util.TesteDeParam@1bd15f8c</td></tr>
<tr>
<td title='br.com.moonjava.flight.util.TesteDeParam.object_deve_ter_casting_de_date_time()'><b>object_deve_ter_casting_de_date_time</b><br>Test class: br.com.moonjava.flight.util.TesteDeParam</td>
<td></td>
<td>0</td>
<td>br.com.moonjava.flight.util.TesteDeParam@1bd15f8c</td></tr>
<tr>
<td title='br.com.moonjava.flight.util.TesteDeParam.object_deve_ter_casting_de_double()'><b>object_deve_ter_casting_de_double</b><br>Test class: br.com.moonjava.flight.util.TesteDeParam</td>
<td></td>
<td>0</td>
<td>br.com.moonjava.flight.util.TesteDeParam@1bd15f8c</td></tr>
<tr>
<td title='br.com.moonjava.flight.util.TesteDeParam.object_deve_ter_casting_de_integer()'><b>object_deve_ter_casting_de_integer</b><br>Test class: br.com.moonjava.flight.util.TesteDeParam</td>
<td></td>
<td>0</td>
<td>br.com.moonjava.flight.util.TesteDeParam@1bd15f8c</td></tr>
<tr>
<td title='br.com.moonjava.flight.util.TesteDeParam.object_deve_ter_casting_de_local_date()'><b>object_deve_ter_casting_de_local_date</b><br>Test class: br.com.moonjava.flight.util.TesteDeParam</td>
<td></td>
<td>0</td>
<td>br.com.moonjava.flight.util.TesteDeParam@1bd15f8c</td></tr>
<tr>
<td title='br.com.moonjava.flight.util.TesteDeParam.object_deve_ter_casting_de_long()'><b>object_deve_ter_casting_de_long</b><br>Test class: br.com.moonjava.flight.util.TesteDeParam</td>
<td></td>
<td>0</td>
<td>br.com.moonjava.flight.util.TesteDeParam@1bd15f8c</td></tr>
<tr>
<td title='br.com.moonjava.flight.action.TesteDeControlarStatus.status_deve_ser_atualizado()'><b>status_deve_ser_atualizado</b><br>Test class: br.com.moonjava.flight.action.TesteDeControlarStatus</td>
<td></td>
<td>0</td>
<td>br.com.moonjava.flight.action.TesteDeControlarStatus@27abf66</td></tr>
<tr>
<td title='br.com.moonjava.flight.jdbc.TesteDeDbUnit.teste_de_insert_dbunit()'><b>teste_de_insert_dbunit</b><br>Test class: br.com.moonjava.flight.jdbc.TesteDeDbUnit</td>
<td></td>
<td>0</td>
<td>br.com.moonjava.flight.jdbc.TesteDeDbUnit@195d4f45</td></tr>
<tr>
<td title='br.com.moonjava.flight.action.TesteDeAtualizarVoo.voo_deve_ser_atualizado()'><b>voo_deve_ser_atualizado</b><br>Test class: br.com.moonjava.flight.action.TesteDeAtualizarVoo</td>
<td></td>
<td>0</td>
<td>br.com.moonjava.flight.action.TesteDeAtualizarVoo@6bc947</td></tr>
<tr>
<td title='br.com.moonjava.flight.action.TesteDeCriarVoo.voo_deve_ser_criado()'><b>voo_deve_ser_criado</b><br>Test class: br.com.moonjava.flight.action.TesteDeCriarVoo</td>
<td></td>
<td>0</td>
<td>br.com.moonjava.flight.action.TesteDeCriarVoo@48abc2cf</td></tr>
<tr>
<td title='br.com.moonjava.flight.action.TesteDeDeletarVoo.voo_deve_ser_deletado_por_codigo()'><b>voo_deve_ser_deletado_por_codigo</b><br>Test class: br.com.moonjava.flight.action.TesteDeDeletarVoo</td>
<td></td>
<td>0</td>
<td>br.com.moonjava.flight.action.TesteDeDeletarVoo@482c94f</td></tr>
</table><p>
</body>
</html>