<?xml version="1.0" encoding="UTF-8"?>
<testng-results skipped="0" failed="0" total="25" passed="25">
  <reporter-output>
  </reporter-output>
  <suite name="Command line suite" duration-ms="1252" started-at="2012-07-25T19:55:55Z" finished-at="2012-07-25T19:55:56Z">
    <groups>
    </groups>
    <test name="Command line test" duration-ms="1252" started-at="2012-07-25T19:55:55Z" finished-at="2012-07-25T19:55:56Z">
      <class name="br.com.moonjava.flight.jdbc.TesteDeDbUnit">
        <test-method status="PASS" signature="teste_de_insert_dbunit()" name="teste_de_insert_dbunit" duration-ms="62" started-at="2012-07-25T19:55:56Z" finished-at="2012-07-25T19:55:56Z">
        </test-method>
      </class>
      <class name="br.com.moonjava.flight.action.TesteDeControlarStatus">
        <test-method status="PASS" signature="limparTabela()" name="limparTabela" is-config="true" duration-ms="62" started-at="2012-07-25T19:55:56Z" finished-at="2012-07-25T19:55:56Z">
        </test-method>
        <test-method status="PASS" signature="status_deve_ser_atualizado()" name="status_deve_ser_atualizado" duration-ms="32" started-at="2012-07-25T19:55:56Z" finished-at="2012-07-25T19:55:56Z">
        </test-method>
      </class>
      <class name="br.com.moonjava.flight.action.TesteDeAtualizarVoo">
        <test-method status="PASS" signature="limparTabela()" name="limparTabela" is-config="true" duration-ms="515" started-at="2012-07-25T19:55:55Z" finished-at="2012-07-25T19:55:55Z">
        </test-method>
        <test-method status="PASS" signature="voo_deve_ser_atualizado()" name="voo_deve_ser_atualizado" duration-ms="172" started-at="2012-07-25T19:55:55Z" finished-at="2012-07-25T19:55:55Z">
        </test-method>
      </class>
      <class name="br.com.moonjava.flight.action.TesteDeDeletarVoo">
        <test-method status="PASS" signature="limparTabela()" name="limparTabela" is-config="true" duration-ms="47" started-at="2012-07-25T19:55:56Z" finished-at="2012-07-25T19:55:56Z">
        </test-method>
        <test-method status="PASS" signature="voo_deve_ser_deletado_por_codigo()" name="voo_deve_ser_deletado_por_codigo" duration-ms="31" started-at="2012-07-25T19:55:56Z" finished-at="2012-07-25T19:55:56Z">
        </test-method>
      </class>
      <class name="br.com.moonjava.flight.util.TesteDeParam">
        <test-method status="PASS" signature="object_deve_ter_casting_de_date_time()" name="object_deve_ter_casting_de_date_time" duration-ms="0" started-at="2012-07-25T19:55:56Z" finished-at="2012-07-25T19:55:56Z">
        </test-method>
        <test-method status="PASS" signature="object_deve_ter_casting_de_integer()" name="object_deve_ter_casting_de_integer" duration-ms="0" started-at="2012-07-25T19:55:56Z" finished-at="2012-07-25T19:55:56Z">
        </test-method>
        <test-method status="PASS" signature="object_deve_ter_casting_de_local_date()" name="object_deve_ter_casting_de_local_date" duration-ms="16" started-at="2012-07-25T19:55:56Z" finished-at="2012-07-25T19:55:56Z">
        </test-method>
        <test-method status="PASS" signature="object_deve_ter_casting_de_boolean()" name="object_deve_ter_casting_de_boolean" duration-ms="0" started-at="2012-07-25T19:55:56Z" finished-at="2012-07-25T19:55:56Z">
        </test-method>
        <test-method status="PASS" signature="object_deve_ter_casting_de_String()" name="object_deve_ter_casting_de_String" duration-ms="0" started-at="2012-07-25T19:55:56Z" finished-at="2012-07-25T19:55:56Z">
        </test-method>
        <test-method status="PASS" signature="object_deve_ter_casting_de_double()" name="object_deve_ter_casting_de_double" duration-ms="0" started-at="2012-07-25T19:55:56Z" finished-at="2012-07-25T19:55:56Z">
        </test-method>
        <test-method status="PASS" signature="object_deve_ter_casting_de_long()" name="object_deve_ter_casting_de_long" duration-ms="0" started-at="2012-07-25T19:55:56Z" finished-at="2012-07-25T19:55:56Z">
        </test-method>
      </class>
      <class name="br.com.moonjava.flight.jdbc.TesteDeConexao">
        <test-method status="PASS" signature="conexao_com_o_bd_deve_funcionar()" name="conexao_com_o_bd_deve_funcionar" duration-ms="0" started-at="2012-07-25T19:55:56Z" finished-at="2012-07-25T19:55:56Z">
        </test-method>
      </class>
      <class name="br.com.moonjava.flight.action.TesteDeConsultarVoo">
        <test-method status="PASS" signature="limparTabela()" name="limparTabela" is-config="true" duration-ms="79" started-at="2012-07-25T19:55:55Z" finished-at="2012-07-25T19:55:56Z">
        </test-method>
        <test-method status="PASS" signature="buscar_por_todos_voos_disponiveis()" name="buscar_por_todos_voos_disponiveis" duration-ms="31" started-at="2012-07-25T19:55:56Z" finished-at="2012-07-25T19:55:56Z">
        </test-method>
        <test-method status="PASS" signature="consulta_por_codigo()" name="consulta_por_codigo" duration-ms="16" started-at="2012-07-25T19:55:56Z" finished-at="2012-07-25T19:55:56Z">
        </test-method>
        <test-method status="PASS" signature="filtro_por_destino()" name="filtro_por_destino" duration-ms="15" started-at="2012-07-25T19:55:56Z" finished-at="2012-07-25T19:55:56Z">
        </test-method>
        <test-method status="PASS" signature="filtro_por_origem()" name="filtro_por_origem" duration-ms="16" started-at="2012-07-25T19:55:56Z" finished-at="2012-07-25T19:55:56Z">
        </test-method>
        <test-method status="PASS" signature="filtro_por_status_e_data_de_chegada()" name="filtro_por_status_e_data_de_chegada" duration-ms="15" started-at="2012-07-25T19:55:56Z" finished-at="2012-07-25T19:55:56Z">
        </test-method>
        <test-method status="PASS" signature="filtro_por_status_e_data_de_partida()" name="filtro_por_status_e_data_de_partida" duration-ms="16" started-at="2012-07-25T19:55:56Z" finished-at="2012-07-25T19:55:56Z">
        </test-method>
        <test-method status="PASS" signature="filtro_por_status_indisponivel()" name="filtro_por_status_indisponivel" duration-ms="0" started-at="2012-07-25T19:55:56Z" finished-at="2012-07-25T19:55:56Z">
        </test-method>
      </class>
      <class name="br.com.moonjava.flight.util.TesteDeCPF">
        <test-method status="PASS" signature="cpf_deve_ser_convertido_em_numero()" name="cpf_deve_ser_convertido_em_numero" duration-ms="0" started-at="2012-07-25T19:55:56Z" finished-at="2012-07-25T19:55:56Z">
        </test-method>
        <test-method status="PASS" signature="cpf_deve_ser_valido()" name="cpf_deve_ser_valido" duration-ms="0" started-at="2012-07-25T19:55:56Z" finished-at="2012-07-25T19:55:56Z">
        </test-method>
        <test-method status="PASS" signature="excecao_de_cpf_invalido_deve_ser_lancada_com_string()" name="excecao_de_cpf_invalido_deve_ser_lancada_com_string" duration-ms="0" started-at="2012-07-25T19:55:56Z" finished-at="2012-07-25T19:55:56Z">
          <exception class="br.com.moonjava.flight.util.CPFInvalidException">
            <message>
              <![CDATA[O CPF 22222222223 é invalido]]>
            </message>
            <full-stacktrace>
              <![CDATA[br.com.moonjava.flight.util.CPFInvalidException: O CPF 22222222223 é invalido
	at br.com.moonjava.flight.util.CPF.valueOf(CPF.java:67)
	at br.com.moonjava.flight.util.CPF.parse(CPF.java:75)
	at br.com.moonjava.flight.util.TesteDeCPF.excecao_de_cpf_invalido_deve_ser_lancada_com_string(TesteDeCPF.java:56)
	at sun.reflect.NativeMethodAccessorImpl.invoke0(Native Method)
	at sun.reflect.NativeMethodAccessorImpl.invoke(Unknown Source)
	at sun.reflect.DelegatingMethodAccessorImpl.invoke(Unknown Source)
	at java.lang.reflect.Method.invoke(Unknown Source)
	at org.testng.internal.MethodInvocationHelper.invokeMethod(MethodInvocationHelper.java:80)
	at org.testng.internal.Invoker.invokeMethod(Invoker.java:673)
	at org.testng.internal.Invoker.invokeTestMethod(Invoker.java:842)
	at org.testng.internal.Invoker.invokeTestMethods(Invoker.java:1166)
	at org.testng.internal.TestMethodWorker.invokeTestMethods(TestMethodWorker.java:125)
	at org.testng.internal.TestMethodWorker.run(TestMethodWorker.java:109)
	at org.testng.TestRunner.runWorkers(TestRunner.java:1178)
	at org.testng.TestRunner.privateRun(TestRunner.java:757)
	at org.testng.TestRunner.run(TestRunner.java:608)
	at org.testng.SuiteRunner.runTest(SuiteRunner.java:334)
	at org.testng.SuiteRunner.runSequentially(SuiteRunner.java:329)
	at org.testng.SuiteRunner.privateRun(SuiteRunner.java:291)
	at org.testng.SuiteRunner.run(SuiteRunner.java:240)
	at org.testng.SuiteRunnerWorker.runSuite(SuiteRunnerWorker.java:52)
	at org.testng.SuiteRunnerWorker.run(SuiteRunnerWorker.java:86)
	at org.testng.TestNG.runSuitesSequentially(TestNG.java:1158)
	at org.testng.TestNG.runSuitesLocally(TestNG.java:1083)
	at org.testng.TestNG.run(TestNG.java:999)
	at org.apache.maven.surefire.testng.TestNGExecutor.run(TestNGExecutor.java:70)
	at org.apache.maven.surefire.testng.TestNGDirectoryTestSuite.executeMulti(TestNGDirectoryTestSuite.java:158)
	at org.apache.maven.surefire.testng.TestNGDirectoryTestSuite.execute(TestNGDirectoryTestSuite.java:98)
	at org.apache.maven.surefire.testng.TestNGProvider.invoke(TestNGProvider.java:111)
	at sun.reflect.NativeMethodAccessorImpl.invoke0(Native Method)
	at sun.reflect.NativeMethodAccessorImpl.invoke(Unknown Source)
	at sun.reflect.DelegatingMethodAccessorImpl.invoke(Unknown Source)
	at java.lang.reflect.Method.invoke(Unknown Source)
	at org.apache.maven.surefire.util.ReflectionUtils.invokeMethodWithArray(ReflectionUtils.java:164)
	at org.apache.maven.surefire.booter.ProviderFactory$ProviderProxy.invoke(ProviderFactory.java:110)
	at org.apache.maven.surefire.booter.SurefireStarter.invokeProvider(SurefireStarter.java:175)
	at org.apache.maven.surefire.booter.SurefireStarter.runSuitesInProcessWhenForked(SurefireStarter.java:107)
	at org.apache.maven.surefire.booter.ForkedBooter.main(ForkedBooter.java:68)
]]>
            </full-stacktrace>
          </exception>
        </test-method>
        <test-method status="PASS" signature="excecao_de_cpf_invalido_deve_ser_lancada_com_12_digitos()" name="excecao_de_cpf_invalido_deve_ser_lancada_com_12_digitos" duration-ms="0" started-at="2012-07-25T19:55:56Z" finished-at="2012-07-25T19:55:56Z">
          <exception class="br.com.moonjava.flight.util.CPFInvalidException">
            <message>
              <![CDATA[O CPF 222222222233 é invalido]]>
            </message>
            <full-stacktrace>
              <![CDATA[br.com.moonjava.flight.util.CPFInvalidException: O CPF 222222222233 é invalido
	at br.com.moonjava.flight.util.CPF.valueOf(CPF.java:67)
	at br.com.moonjava.flight.util.CPF.parse(CPF.java:75)
	at br.com.moonjava.flight.util.TesteDeCPF.excecao_de_cpf_invalido_deve_ser_lancada_com_12_digitos(TesteDeCPF.java:62)
	at sun.reflect.NativeMethodAccessorImpl.invoke0(Native Method)
	at sun.reflect.NativeMethodAccessorImpl.invoke(Unknown Source)
	at sun.reflect.DelegatingMethodAccessorImpl.invoke(Unknown Source)
	at java.lang.reflect.Method.invoke(Unknown Source)
	at org.testng.internal.MethodInvocationHelper.invokeMethod(MethodInvocationHelper.java:80)
	at org.testng.internal.Invoker.invokeMethod(Invoker.java:673)
	at org.testng.internal.Invoker.invokeTestMethod(Invoker.java:842)
	at org.testng.internal.Invoker.invokeTestMethods(Invoker.java:1166)
	at org.testng.internal.TestMethodWorker.invokeTestMethods(TestMethodWorker.java:125)
	at org.testng.internal.TestMethodWorker.run(TestMethodWorker.java:109)
	at org.testng.TestRunner.runWorkers(TestRunner.java:1178)
	at org.testng.TestRunner.privateRun(TestRunner.java:757)
	at org.testng.TestRunner.run(TestRunner.java:608)
	at org.testng.SuiteRunner.runTest(SuiteRunner.java:334)
	at org.testng.SuiteRunner.runSequentially(SuiteRunner.java:329)
	at org.testng.SuiteRunner.privateRun(SuiteRunner.java:291)
	at org.testng.SuiteRunner.run(SuiteRunner.java:240)
	at org.testng.SuiteRunnerWorker.runSuite(SuiteRunnerWorker.java:52)
	at org.testng.SuiteRunnerWorker.run(SuiteRunnerWorker.java:86)
	at org.testng.TestNG.runSuitesSequentially(TestNG.java:1158)
	at org.testng.TestNG.runSuitesLocally(TestNG.java:1083)
	at org.testng.TestNG.run(TestNG.java:999)
	at org.apache.maven.surefire.testng.TestNGExecutor.run(TestNGExecutor.java:70)
	at org.apache.maven.surefire.testng.TestNGDirectoryTestSuite.executeMulti(TestNGDirectoryTestSuite.java:158)
	at org.apache.maven.surefire.testng.TestNGDirectoryTestSuite.execute(TestNGDirectoryTestSuite.java:98)
	at org.apache.maven.surefire.testng.TestNGProvider.invoke(TestNGProvider.java:111)
	at sun.reflect.NativeMethodAccessorImpl.invoke0(Native Method)
	at sun.reflect.NativeMethodAccessorImpl.invoke(Unknown Source)
	at sun.reflect.DelegatingMethodAccessorImpl.invoke(Unknown Source)
	at java.lang.reflect.Method.invoke(Unknown Source)
	at org.apache.maven.surefire.util.ReflectionUtils.invokeMethodWithArray(ReflectionUtils.java:164)
	at org.apache.maven.surefire.booter.ProviderFactory$ProviderProxy.invoke(ProviderFactory.java:110)
	at org.apache.maven.surefire.booter.SurefireStarter.invokeProvider(SurefireStarter.java:175)
	at org.apache.maven.surefire.booter.SurefireStarter.runSuitesInProcessWhenForked(SurefireStarter.java:107)
	at org.apache.maven.surefire.booter.ForkedBooter.main(ForkedBooter.java:68)
]]>
            </full-stacktrace>
          </exception>
        </test-method>
        <test-method status="PASS" signature="excecao_de_cpf_invalido_deve_ser_lancada_com_long()" name="excecao_de_cpf_invalido_deve_ser_lancada_com_long" duration-ms="0" started-at="2012-07-25T19:55:56Z" finished-at="2012-07-25T19:55:56Z">
          <exception class="br.com.moonjava.flight.util.CPFInvalidException">
            <message>
              <![CDATA[O CPF 22222222223 é invalido]]>
            </message>
            <full-stacktrace>
              <![CDATA[br.com.moonjava.flight.util.CPFInvalidException: O CPF 22222222223 é invalido
	at br.com.moonjava.flight.util.CPF.valueOf(CPF.java:67)
	at br.com.moonjava.flight.util.TesteDeCPF.excecao_de_cpf_invalido_deve_ser_lancada_com_long(TesteDeCPF.java:50)
	at sun.reflect.NativeMethodAccessorImpl.invoke0(Native Method)
	at sun.reflect.NativeMethodAccessorImpl.invoke(Unknown Source)
	at sun.reflect.DelegatingMethodAccessorImpl.invoke(Unknown Source)
	at java.lang.reflect.Method.invoke(Unknown Source)
	at org.testng.internal.MethodInvocationHelper.invokeMethod(MethodInvocationHelper.java:80)
	at org.testng.internal.Invoker.invokeMethod(Invoker.java:673)
	at org.testng.internal.Invoker.invokeTestMethod(Invoker.java:842)
	at org.testng.internal.Invoker.invokeTestMethods(Invoker.java:1166)
	at org.testng.internal.TestMethodWorker.invokeTestMethods(TestMethodWorker.java:125)
	at org.testng.internal.TestMethodWorker.run(TestMethodWorker.java:109)
	at org.testng.TestRunner.runWorkers(TestRunner.java:1178)
	at org.testng.TestRunner.privateRun(TestRunner.java:757)
	at org.testng.TestRunner.run(TestRunner.java:608)
	at org.testng.SuiteRunner.runTest(SuiteRunner.java:334)
	at org.testng.SuiteRunner.runSequentially(SuiteRunner.java:329)
	at org.testng.SuiteRunner.privateRun(SuiteRunner.java:291)
	at org.testng.SuiteRunner.run(SuiteRunner.java:240)
	at org.testng.SuiteRunnerWorker.runSuite(SuiteRunnerWorker.java:52)
	at org.testng.SuiteRunnerWorker.run(SuiteRunnerWorker.java:86)
	at org.testng.TestNG.runSuitesSequentially(TestNG.java:1158)
	at org.testng.TestNG.runSuitesLocally(TestNG.java:1083)
	at org.testng.TestNG.run(TestNG.java:999)
	at org.apache.maven.surefire.testng.TestNGExecutor.run(TestNGExecutor.java:70)
	at org.apache.maven.surefire.testng.TestNGDirectoryTestSuite.executeMulti(TestNGDirectoryTestSuite.java:158)
	at org.apache.maven.surefire.testng.TestNGDirectoryTestSuite.execute(TestNGDirectoryTestSuite.java:98)
	at org.apache.maven.surefire.testng.TestNGProvider.invoke(TestNGProvider.java:111)
	at sun.reflect.NativeMethodAccessorImpl.invoke0(Native Method)
	at sun.reflect.NativeMethodAccessorImpl.invoke(Unknown Source)
	at sun.reflect.DelegatingMethodAccessorImpl.invoke(Unknown Source)
	at java.lang.reflect.Method.invoke(Unknown Source)
	at org.apache.maven.surefire.util.ReflectionUtils.invokeMethodWithArray(ReflectionUtils.java:164)
	at org.apache.maven.surefire.booter.ProviderFactory$ProviderProxy.invoke(ProviderFactory.java:110)
	at org.apache.maven.surefire.booter.SurefireStarter.invokeProvider(SurefireStarter.java:175)
	at org.apache.maven.surefire.booter.SurefireStarter.runSuitesInProcessWhenForked(SurefireStarter.java:107)
	at org.apache.maven.surefire.booter.ForkedBooter.main(ForkedBooter.java:68)
]]>
            </full-stacktrace>
          </exception>
        </test-method>
      </class>
      <class name="br.com.moonjava.flight.action.TesteDeCriarVoo">
        <test-method status="PASS" signature="limparTabela()" name="limparTabela" is-config="true" duration-ms="62" started-at="2012-07-25T19:55:56Z" finished-at="2012-07-25T19:55:56Z">
        </test-method>
        <test-method status="PASS" signature="voo_deve_ser_criado()" name="voo_deve_ser_criado" duration-ms="31" started-at="2012-07-25T19:55:56Z" finished-at="2012-07-25T19:55:56Z">
        </test-method>
      </class>
    </test>
  </suite>
</testng-results>
